#
# There is insufficient memory for the Java Runtime Environment to continue.
# Native memory allocation (malloc) failed to allocate 1048576 bytes for AllocateHeap
# Possible reasons:
#   The system is out of physical RAM or swap space
#   In 32 bit mode, the process size limit was hit
# Possible solutions:
#   Reduce memory load on the system
#   Increase physical memory or swap space
#   Check if swap backing store is full
#   Use 64 bit Java on a 64 bit OS
#   Decrease Java heap size (-Xmx/-Xms)
#   Decrease number of Java threads
#   Decrease Java thread stack sizes (-Xss)
#   Set larger code cache with -XX:ReservedCodeCacheSize=
# This output file may be truncated or incomplete.
#
#  Out of Memory Error (memory/allocation.inline.hpp:61), pid=3300, tid=0x0000000000005284
#
# JRE version:  (8.0_171-b11) (build )
# Java VM: Java HotSpot(TM) 64-Bit Server VM (25.171-b11 mixed mode windows-amd64 compressed oops)
# Failed to write core dump. Minidumps are not enabled by default on client versions of Windows
#

---------------  T H R E A D  ---------------

Current thread (0x000000000308e000):  JavaThread "Unknown thread" [_thread_in_vm, id=21124, stack(0x0000000003090000,0x0000000003190000)]

Stack: [0x0000000003090000,0x0000000003190000]
[error occurred during error reporting (printing stack bounds), id 0xc0000005]

Native frames: (J=compiled Java code, j=interpreted, Vv=VM code, C=native code)


---------------  P R O C E S S  ---------------

Java Threads: ( => current thread )

Other Threads:

=>0x000000000308e000 (exited) JavaThread "Unknown thread" [_thread_in_vm, id=21124, stack(0x0000000003090000,0x0000000003190000)]

VM state:not at safepoint (normal execution)

VM Mutex/Monitor currently owned by a thread: None

Heap:
 PSYoungGen      total 18944K, used 327K [0x00000000eb100000, 0x00000000ec600000, 0x0000000100000000)
  eden space 16384K, 2% used [0x00000000eb100000,0x00000000eb151ec8,0x00000000ec100000)
  from space 2560K, 0% used [0x00000000ec380000,0x00000000ec380000,0x00000000ec600000)
  to   space 2560K, 0% used [0x00000000ec100000,0x00000000ec100000,0x00000000ec380000)
 ParOldGen       total 44032K, used 0K [0x00000000c1200000, 0x00000000c3d00000, 0x00000000eb100000)
  object space 44032K, 0% used [0x00000000c1200000,0x00000000c1200000,0x00000000c3d00000)
 Metaspace       used 750K, capacity 4480K, committed 4480K, reserved 1056768K
  class space    used 76K, capacity 384K, committed 384K, reserved 1048576K

Card table byte_map: [0x0000000012690000,0x0000000012890000] byte_map_base: 0x0000000012087000

Marking Bits: (ParMarkBitMap*) 0x0000000068aa08c0
 Begin Bits: [0x0000000012de0000, 0x0000000013d98000)
 End Bits:   [0x0000000013d98000, 0x0000000014d50000)

Polling page: 0x0000000001820000

CodeCache: size=245760Kb used=328Kb max_used=328Kb free=245431Kb
 bounds [0x00000000032d0000, 0x0000000003540000, 0x00000000122d0000]
 total_blobs=58 nmethods=0 adapters=38
 compilation: enabled

Compilation events (0 events):
No events

GC Heap History (0 events):
No events

Deoptimization events (0 events):
No events

Classes redefined (0 events):
No events

Internal exceptions (0 events):
No events

Events (10 events):
Event: 0.042 loading class java/lang/Short
Event: 0.042 loading class java/lang/Short done
Event: 0.042 loading class java/lang/Integer
Event: 0.042 loading class java/lang/Integer done
Event: 0.042 loading class java/lang/Long
Event: 0.042 loading class java/lang/Long done
Event: 0.043 loading class java/lang/NullPointerException
Event: 0.043 loading class java/lang/NullPointerException done
Event: 0.043 loading class java/lang/ArithmeticException
Event: 0.043 loading class java/lang/ArithmeticException done


Dynamic libraries:
0x00007ff772250000 - 0x00007ff772287000 	C:\Program Files\Java\jre1.8.0_171\bin\javaw.exe
0x00007ffff7480000 - 0x00007ffff7670000 	C:\WINDOWS\SYSTEM32\ntdll.dll
0x00007ffff6240000 - 0x00007ffff62f2000 	C:\WINDOWS\System32\KERNEL32.DLL
0x00007ffff46e0000 - 0x00007ffff4984000 	C:\WINDOWS\System32\KERNELBASE.dll
0x00007ffff7290000 - 0x00007ffff7333000 	C:\WINDOWS\System32\ADVAPI32.dll
0x00007ffff5530000 - 0x00007ffff55ce000 	C:\WINDOWS\System32\msvcrt.dll
0x00007ffff6fa0000 - 0x00007ffff7037000 	C:\WINDOWS\System32\sechost.dll
0x00007ffff5920000 - 0x00007ffff5a40000 	C:\WINDOWS\System32\RPCRT4.dll
0x00007ffff5f40000 - 0x00007ffff60d4000 	C:\WINDOWS\System32\USER32.dll
0x00007ffff4400000 - 0x00007ffff4421000 	C:\WINDOWS\System32\win32u.dll
0x00007ffff5a40000 - 0x00007ffff5a66000 	C:\WINDOWS\System32\GDI32.dll
0x00007ffff4990000 - 0x00007ffff4b26000 	C:\WINDOWS\System32\gdi32full.dll
0x00007ffff5490000 - 0x00007ffff552e000 	C:\WINDOWS\System32\msvcp_win.dll
0x00007ffff45e0000 - 0x00007ffff46da000 	C:\WINDOWS\System32\ucrtbase.dll
0x00007fffdecf0000 - 0x00007fffdef74000 	C:\WINDOWS\WinSxS\amd64_microsoft.windows.common-controls_6595b64144ccf1df_6.0.18362.959_none_e6c7bbbf130c62bb\COMCTL32.dll
0x00007ffff55e0000 - 0x00007ffff5915000 	C:\WINDOWS\System32\combase.dll
0x00007ffff4b60000 - 0x00007ffff4be0000 	C:\WINDOWS\System32\bcryptPrimitives.dll
0x00007ffff7340000 - 0x00007ffff736e000 	C:\WINDOWS\System32\IMM32.DLL
0x00000000679a0000 - 0x0000000067a72000 	C:\Program Files\Java\jre1.8.0_171\bin\msvcr100.dll
0x0000000068280000 - 0x0000000068b20000 	C:\Program Files\Java\jre1.8.0_171\bin\server\jvm.dll
0x00007ffff55d0000 - 0x00007ffff55d8000 	C:\WINDOWS\System32\PSAPI.DLL
0x00007fffe0840000 - 0x00007fffe084a000 	C:\WINDOWS\SYSTEM32\VERSION.dll
0x00007ffff23b0000 - 0x00007ffff23d4000 	C:\WINDOWS\SYSTEM32\WINMM.dll
0x00007ffff2380000 - 0x00007ffff23ad000 	C:\WINDOWS\SYSTEM32\WINMMBASE.dll
0x00007ffff2480000 - 0x00007ffff2489000 	C:\WINDOWS\SYSTEM32\WSOCK32.dll
0x00007ffff5440000 - 0x00007ffff548a000 	C:\WINDOWS\System32\cfgmgr32.dll
0x0000000002ff0000 - 0x000000000305f000 	C:\WINDOWS\System32\ws2_32.DLL
0x0000000068190000 - 0x000000006819f000 	C:\Program Files\Java\jre1.8.0_171\bin\verify.dll
0x0000000068160000 - 0x0000000068189000 	C:\Program Files\Java\jre1.8.0_171\bin\java.dll
0x0000000068140000 - 0x0000000068156000 	C:\Program Files\Java\jre1.8.0_171\bin\zip.dll

VM Arguments:
jvm_args: -Dfile.encoding=Cp1252 
java_command: genetic_algorithm.GUI
java_class_path (initial): C:\Users\rieti\Documents\test\evolution_algorithm\genetic_algorithm\bin;C:\Users\rieti\Documents\test\evolution_algorithm\genetic_algorithm\lib\dom4j-2.1.3.jar;C:\Users\rieti\Documents\test\evolution_algorithm\genetic_algorithm\lib\jaxen-1.2.0.jar
Launcher Type: SUN_STANDARD

Environment Variables:
PATH=C:/Program Files/Java/jre1.8.0_171/bin/server;C:/Program Files/Java/jre1.8.0_171/bin;C:/Program Files/Java/jre1.8.0_171/lib/amd64;C:\Program Files (x86)\Common Files\Oracle\Java\javapath;C:\WINDOWS\system32;C:\WINDOWS;C:\WINDOWS\System32\Wbem;C:\WINDOWS\System32\WindowsPowerShell\v1.0\;C:\Program Files\Git\cmd;C:\Program Files\nodejs\;C:\WINDOWS\System32\OpenSSH\;C:\Program Files\PuTTY\;C:\Program Files\otii;C:\Program Files (x86)\sbt\bin;C:\Program Files (x86)\scala\bin;C:\Users\rieti\AppData\Local\Programs\Python\Python36\Scripts\;C:\Users\rieti\AppData\Local\Programs\Python\Python36\;C:\Users\rieti\AppData\Local\Programs\Python\Python37-32\Scripts\;C:\Users\rieti\AppData\Local\Programs\Python\Python37-32\;C:\Users\rieti\AppData\Local\Microsoft\WindowsApps;C:\Users\rieti\AppData\Roaming\npm;C:\Users\rieti\AppData\Local\Programs\MiKTeX 2.9\miktex\bin\x64\;C:\Users\rieti\AppData\Local\Google\Cloud SDK\google-cloud-sdk\bin;C:\Users\rieti\MinGW\bin;;C:\Users\rieti\eclipse\java-2019-09\eclipse;
USERNAME=rieti
OS=Windows_NT
PROCESSOR_IDENTIFIER=Intel64 Family 6 Model 142 Stepping 9, GenuineIntel



---------------  S Y S T E M  ---------------

OS: Windows 10.0 , 64 bit Build 18362 (10.0.18362.959)

CPU:total 4 (initial active 4) (2 cores per cpu, 2 threads per core) family 6 model 142 stepping 9, cmov, cx8, fxsr, mmx, sse, sse2, sse3, ssse3, sse4.1, sse4.2, popcnt, avx, avx2, aes, clmul, erms, rtm, 3dnowpref, lzcnt, ht, tsc, tscinvbit, bmi1, bmi2, adx

Memory: 4k page, physical 4113804k(169456k free), swap 16696716k(5520k free)

vm_info: Java HotSpot(TM) 64-Bit Server VM (25.171-b11) for windows-amd64 JRE (1.8.0_171-b11), built on Mar 28 2018 16:06:12 by "java_re" with MS VC++ 10.0 (VS2010)

time: Sun Aug 23 18:11:03 2020
elapsed time: 0 seconds (0d 0h 0m 0s)

